<?xml version="1.0" encoding="UTF-8"?>
<!-- Generated by org.testng.reporters.JUnitXMLReporter -->
<testsuite ignored="12" hostname="DESKTOP-5FESB8K" failures="0" tests="7" name="Test" time="105.34" errors="0" timestamp="2025-06-06T09:42:28 IST">
  <testcase classname="test.TC_001SignUpTest" name="testSignUpButtonVisibility" time="0.39"/>
  <testcase classname="test.TC_002LoginTest" name="testLoginButton" time="1.626"/>
  <testcase classname="test.TC_003HomePageTest" name="testApplicationLogoVisibility" time="0.227"/>
  <testcase classname="test.TC_004ProductDetailsTest" name="testAddProductToCart" time="4.398"/>
  <testcase classname="test.TC_005CartPageTest" name="testCartFunctionality" time="39.757"/>
  <testcase classname="test.TC_006PlaceorderTest" name="testPurchaseFunction" time="7.782"/>
  <testcase classname="test.TC_007LogoutTest" name="testLogoutFunctionality" time="12.836"/>
  <testcase classname="base.ProjectSpecificationMethod" name="@BeforeSuite reportiniatialization" time="0.0">
    <ignored/>
  </testcase> <!-- @BeforeSuite reportiniatialization -->
  <testcase classname="base.ProjectSpecificationMethod" name="@BeforeSuite reportiniatialization" time="0.0">
    <ignored/>
  </testcase> <!-- @BeforeSuite reportiniatialization -->
  <testcase classname="base.ProjectSpecificationMethod" name="@BeforeSuite reportiniatialization" time="0.0">
    <ignored/>
  </testcase> <!-- @BeforeSuite reportiniatialization -->
  <testcase classname="base.ProjectSpecificationMethod" name="@BeforeSuite reportiniatialization" time="0.0">
    <ignored/>
  </testcase> <!-- @BeforeSuite reportiniatialization -->
  <testcase classname="base.ProjectSpecificationMethod" name="@AfterSuite reportclose" time="0.0">
    <ignored/>
  </testcase> <!-- @AfterSuite reportclose -->
  <testcase classname="base.ProjectSpecificationMethod" name="@AfterSuite reportclose" time="0.0">
    <ignored/>
  </testcase> <!-- @AfterSuite reportclose -->
  <testcase classname="base.ProjectSpecificationMethod" name="@AfterSuite reportclose" time="0.0">
    <ignored/>
  </testcase> <!-- @AfterSuite reportclose -->
  <testcase classname="base.ProjectSpecificationMethod" name="@BeforeSuite reportiniatialization" time="0.0">
    <ignored/>
  </testcase> <!-- @BeforeSuite reportiniatialization -->
  <testcase classname="base.ProjectSpecificationMethod" name="@AfterSuite reportclose" time="0.0">
    <ignored/>
  </testcase> <!-- @AfterSuite reportclose -->
  <testcase classname="base.ProjectSpecificationMethod" name="@AfterSuite reportclose" time="0.0">
    <ignored/>
  </testcase> <!-- @AfterSuite reportclose -->
  <testcase classname="base.ProjectSpecificationMethod" name="@BeforeSuite reportiniatialization" time="0.0">
    <ignored/>
  </testcase> <!-- @BeforeSuite reportiniatialization -->
  <testcase classname="base.ProjectSpecificationMethod" name="@AfterSuite reportclose" time="0.0">
    <ignored/>
  </testcase> <!-- @AfterSuite reportclose -->
</testsuite> <!-- Test -->
