<?xml version="1.0" encoding="UTF-8"?>
<testng-results ignored="0" total="7" passed="7" failed="0" skipped="0">
  <reporter-output>
  </reporter-output>
  <suite started-at="2025-06-06T09:40:43 IST" name="Suite" finished-at="2025-06-06T09:42:28 IST" duration-ms="105340">
    <groups>
    </groups>
    <test started-at="2025-06-06T09:40:43 IST" name="Test" finished-at="2025-06-06T09:42:28 IST" duration-ms="105340">
      <class name="test.TC_001SignUpTest">
        <test-method is-config="true" signature="reportiniatialization()[pri:0, instance:test.TC_001SignUpTest@6f4a47c7]" started-at="2025-06-06T09:40:42 IST" name="reportiniatialization" finished-at="2025-06-06T09:40:43 IST" duration-ms="505" status="PASS">
          <reporter-output>
          </reporter-output>
        </test-method> <!-- reportiniatialization -->
        <test-method is-config="true" signature="testDetails()[pri:0, instance:test.TC_001SignUpTest@6f4a47c7]" started-at="2025-06-06T09:40:43 IST" name="testDetails" finished-at="2025-06-06T09:40:43 IST" duration-ms="13" status="PASS">
          <reporter-output>
          </reporter-output>
        </test-method> <!-- testDetails -->
        <test-method is-config="true" signature="lunchbrowser(java.lang.String,java.lang.String)[pri:0, instance:test.TC_001SignUpTest@6f4a47c7]" started-at="2025-06-06T09:40:43 IST" name="lunchbrowser" finished-at="2025-06-06T09:40:54 IST" duration-ms="11073" status="PASS">
          <params>
            <param index="0">
              <value>
                <![CDATA[https://www.demoblaze.com/]]>
              </value>
            </param>
            <param index="1">
              <value>
                <![CDATA[chrome]]>
              </value>
            </param>
          </params>
          <reporter-output>
          </reporter-output>
        </test-method> <!-- lunchbrowser -->
        <test-method signature="testSignUpButtonVisibility()[pri:0, instance:test.TC_001SignUpTest@6f4a47c7]" started-at="2025-06-06T09:40:54 IST" name="testSignUpButtonVisibility" finished-at="2025-06-06T09:40:55 IST" duration-ms="390" status="PASS">
          <reporter-output>
          </reporter-output>
        </test-method> <!-- testSignUpButtonVisibility -->
        <test-method is-config="true" signature="browserclose()[pri:0, instance:test.TC_001SignUpTest@6f4a47c7]" started-at="2025-06-06T09:40:55 IST" name="browserclose" finished-at="2025-06-06T09:40:55 IST" duration-ms="235" status="PASS">
          <reporter-output>
          </reporter-output>
        </test-method> <!-- browserclose -->
        <test-method is-config="true" signature="reportclose()[pri:0, instance:test.TC_001SignUpTest@6f4a47c7]" started-at="2025-06-06T09:42:28 IST" name="reportclose" finished-at="2025-06-06T09:42:29 IST" duration-ms="551" status="PASS">
          <reporter-output>
          </reporter-output>
        </test-method> <!-- reportclose -->
      </class> <!-- test.TC_001SignUpTest -->
      <class name="test.TC_002LoginTest">
        <test-method is-config="true" signature="testDetails()[pri:0, instance:test.TC_002LoginTest@587e5365]" started-at="2025-06-06T09:40:55 IST" name="testDetails" finished-at="2025-06-06T09:40:55 IST" duration-ms="1" status="PASS">
          <reporter-output>
          </reporter-output>
        </test-method> <!-- testDetails -->
        <test-method is-config="true" signature="lunchbrowser(java.lang.String,java.lang.String)[pri:0, instance:test.TC_002LoginTest@587e5365]" started-at="2025-06-06T09:40:55 IST" name="lunchbrowser" finished-at="2025-06-06T09:40:59 IST" duration-ms="3960" status="PASS">
          <params>
            <param index="0">
              <value>
                <![CDATA[https://www.demoblaze.com/]]>
              </value>
            </param>
            <param index="1">
              <value>
                <![CDATA[chrome]]>
              </value>
            </param>
          </params>
          <reporter-output>
          </reporter-output>
        </test-method> <!-- lunchbrowser -->
        <test-method signature="testLoginButton()[pri:0, instance:test.TC_002LoginTest@587e5365]" started-at="2025-06-06T09:40:59 IST" name="testLoginButton" finished-at="2025-06-06T09:41:01 IST" duration-ms="1626" status="PASS">
          <reporter-output>
          </reporter-output>
        </test-method> <!-- testLoginButton -->
        <test-method is-config="true" signature="browserclose()[pri:0, instance:test.TC_002LoginTest@587e5365]" started-at="2025-06-06T09:41:01 IST" name="browserclose" finished-at="2025-06-06T09:41:01 IST" duration-ms="281" status="PASS">
          <reporter-output>
          </reporter-output>
        </test-method> <!-- browserclose -->
      </class> <!-- test.TC_002LoginTest -->
      <class name="test.TC_005CartPageTest">
        <test-method is-config="true" signature="testDetails()[pri:0, instance:test.TC_005CartPageTest@63475ace]" started-at="2025-06-06T09:41:14 IST" name="testDetails" finished-at="2025-06-06T09:41:14 IST" duration-ms="1" status="PASS">
          <reporter-output>
          </reporter-output>
        </test-method> <!-- testDetails -->
        <test-method is-config="true" signature="lunchbrowser(java.lang.String,java.lang.String)[pri:0, instance:test.TC_005CartPageTest@63475ace]" started-at="2025-06-06T09:41:14 IST" name="lunchbrowser" finished-at="2025-06-06T09:41:18 IST" duration-ms="3728" status="PASS">
          <params>
            <param index="0">
              <value>
                <![CDATA[https://www.demoblaze.com/]]>
              </value>
            </param>
            <param index="1">
              <value>
                <![CDATA[chrome]]>
              </value>
            </param>
          </params>
          <reporter-output>
          </reporter-output>
        </test-method> <!-- lunchbrowser -->
        <test-method signature="testCartFunctionality()[pri:0, instance:test.TC_005CartPageTest@63475ace]" started-at="2025-06-06T09:41:18 IST" name="testCartFunctionality" finished-at="2025-06-06T09:41:58 IST" duration-ms="39757" status="PASS">
          <reporter-output>
          </reporter-output>
        </test-method> <!-- testCartFunctionality -->
        <test-method is-config="true" signature="browserclose()[pri:0, instance:test.TC_005CartPageTest@63475ace]" started-at="2025-06-06T09:41:58 IST" name="browserclose" finished-at="2025-06-06T09:41:58 IST" duration-ms="184" status="PASS">
          <reporter-output>
          </reporter-output>
        </test-method> <!-- browserclose -->
      </class> <!-- test.TC_005CartPageTest -->
      <class name="test.TC_003HomePageTest">
        <test-method is-config="true" signature="testDetails()[pri:0, instance:test.TC_003HomePageTest@22fcf7ab]" started-at="2025-06-06T09:41:01 IST" name="testDetails" finished-at="2025-06-06T09:41:01 IST" duration-ms="1" status="PASS">
          <reporter-output>
          </reporter-output>
        </test-method> <!-- testDetails -->
        <test-method is-config="true" signature="lunchbrowser(java.lang.String,java.lang.String)[pri:0, instance:test.TC_003HomePageTest@22fcf7ab]" started-at="2025-06-06T09:41:01 IST" name="lunchbrowser" finished-at="2025-06-06T09:41:05 IST" duration-ms="3732" status="PASS">
          <params>
            <param index="0">
              <value>
                <![CDATA[https://www.demoblaze.com/]]>
              </value>
            </param>
            <param index="1">
              <value>
                <![CDATA[chrome]]>
              </value>
            </param>
          </params>
          <reporter-output>
          </reporter-output>
        </test-method> <!-- lunchbrowser -->
        <test-method signature="testApplicationLogoVisibility()[pri:0, instance:test.TC_003HomePageTest@22fcf7ab]" started-at="2025-06-06T09:41:05 IST" name="testApplicationLogoVisibility" finished-at="2025-06-06T09:41:05 IST" duration-ms="227" status="PASS">
          <reporter-output>
          </reporter-output>
        </test-method> <!-- testApplicationLogoVisibility -->
        <test-method is-config="true" signature="browserclose()[pri:0, instance:test.TC_003HomePageTest@22fcf7ab]" started-at="2025-06-06T09:41:05 IST" name="browserclose" finished-at="2025-06-06T09:41:05 IST" duration-ms="231" status="PASS">
          <reporter-output>
          </reporter-output>
        </test-method> <!-- browserclose -->
      </class> <!-- test.TC_003HomePageTest -->
      <class name="test.TC_007LogoutTest">
        <test-method is-config="true" signature="testDetails()[pri:0, instance:test.TC_007LogoutTest@c0c2f8d]" started-at="2025-06-06T09:42:11 IST" name="testDetails" finished-at="2025-06-06T09:42:11 IST" duration-ms="1" status="PASS">
          <reporter-output>
          </reporter-output>
        </test-method> <!-- testDetails -->
        <test-method is-config="true" signature="lunchbrowser(java.lang.String,java.lang.String)[pri:0, instance:test.TC_007LogoutTest@c0c2f8d]" started-at="2025-06-06T09:42:11 IST" name="lunchbrowser" finished-at="2025-06-06T09:42:15 IST" duration-ms="4156" status="PASS">
          <params>
            <param index="0">
              <value>
                <![CDATA[https://www.demoblaze.com/]]>
              </value>
            </param>
            <param index="1">
              <value>
                <![CDATA[chrome]]>
              </value>
            </param>
          </params>
          <reporter-output>
          </reporter-output>
        </test-method> <!-- lunchbrowser -->
        <test-method signature="testLogoutFunctionality()[pri:0, instance:test.TC_007LogoutTest@c0c2f8d]" started-at="2025-06-06T09:42:15 IST" name="testLogoutFunctionality" finished-at="2025-06-06T09:42:28 IST" duration-ms="12836" status="PASS">
          <reporter-output>
          </reporter-output>
        </test-method> <!-- testLogoutFunctionality -->
        <test-method is-config="true" signature="browserclose()[pri:0, instance:test.TC_007LogoutTest@c0c2f8d]" started-at="2025-06-06T09:42:28 IST" name="browserclose" finished-at="2025-06-06T09:42:28 IST" duration-ms="216" status="PASS">
          <reporter-output>
          </reporter-output>
        </test-method> <!-- browserclose -->
      </class> <!-- test.TC_007LogoutTest -->
      <class name="test.TC_004ProductDetailsTest">
        <test-method is-config="true" signature="testDetails()[pri:0, instance:test.TC_004ProductDetailsTest@2de23121]" started-at="2025-06-06T09:41:05 IST" name="testDetails" finished-at="2025-06-06T09:41:05 IST" duration-ms="1" status="PASS">
          <reporter-output>
          </reporter-output>
        </test-method> <!-- testDetails -->
        <test-method is-config="true" signature="lunchbrowser(java.lang.String,java.lang.String)[pri:0, instance:test.TC_004ProductDetailsTest@2de23121]" started-at="2025-06-06T09:41:05 IST" name="lunchbrowser" finished-at="2025-06-06T09:41:09 IST" duration-ms="3652" status="PASS">
          <params>
            <param index="0">
              <value>
                <![CDATA[https://www.demoblaze.com/]]>
              </value>
            </param>
            <param index="1">
              <value>
                <![CDATA[chrome]]>
              </value>
            </param>
          </params>
          <reporter-output>
          </reporter-output>
        </test-method> <!-- lunchbrowser -->
        <test-method signature="testAddProductToCart()[pri:0, instance:test.TC_004ProductDetailsTest@2de23121]" started-at="2025-06-06T09:41:09 IST" name="testAddProductToCart" finished-at="2025-06-06T09:41:14 IST" duration-ms="4398" status="PASS">
          <reporter-output>
          </reporter-output>
        </test-method> <!-- testAddProductToCart -->
        <test-method is-config="true" signature="browserclose()[pri:0, instance:test.TC_004ProductDetailsTest@2de23121]" started-at="2025-06-06T09:41:14 IST" name="browserclose" finished-at="2025-06-06T09:41:14 IST" duration-ms="234" status="PASS">
          <reporter-output>
          </reporter-output>
        </test-method> <!-- browserclose -->
      </class> <!-- test.TC_004ProductDetailsTest -->
      <class name="test.TC_006PlaceorderTest">
        <test-method is-config="true" signature="testDetails()[pri:0, instance:test.TC_006PlaceorderTest@4988d8b8]" started-at="2025-06-06T09:41:58 IST" name="testDetails" finished-at="2025-06-06T09:41:58 IST" duration-ms="0" status="PASS">
          <reporter-output>
          </reporter-output>
        </test-method> <!-- testDetails -->
        <test-method is-config="true" signature="lunchbrowser(java.lang.String,java.lang.String)[pri:0, instance:test.TC_006PlaceorderTest@4988d8b8]" started-at="2025-06-06T09:41:58 IST" name="lunchbrowser" finished-at="2025-06-06T09:42:03 IST" duration-ms="4826" status="PASS">
          <params>
            <param index="0">
              <value>
                <![CDATA[https://www.demoblaze.com/]]>
              </value>
            </param>
            <param index="1">
              <value>
                <![CDATA[chrome]]>
              </value>
            </param>
          </params>
          <reporter-output>
          </reporter-output>
        </test-method> <!-- lunchbrowser -->
        <test-method signature="testPurchaseFunction()[pri:0, instance:test.TC_006PlaceorderTest@4988d8b8]" started-at="2025-06-06T09:42:03 IST" name="testPurchaseFunction" finished-at="2025-06-06T09:42:11 IST" duration-ms="7782" status="PASS">
          <reporter-output>
          </reporter-output>
        </test-method> <!-- testPurchaseFunction -->
        <test-method is-config="true" signature="browserclose()[pri:0, instance:test.TC_006PlaceorderTest@4988d8b8]" started-at="2025-06-06T09:42:11 IST" name="browserclose" finished-at="2025-06-06T09:42:11 IST" duration-ms="170" status="PASS">
          <reporter-output>
          </reporter-output>
        </test-method> <!-- browserclose -->
      </class> <!-- test.TC_006PlaceorderTest -->
    </test> <!-- Test -->
  </suite> <!-- Suite -->
</testng-results>
